WARNING: A restricted method in java.lang.System has been called
WARNING: java.lang.System::load has been called by org.fusesource.jansi.internal.JansiLoader in an unnamed module (file:/Users/abba/.m2/wrapper/dists/apache-maven-3.9.9-bin/841d5b83/apache-maven-3.9.9/lib/jansi-2.4.1.jar)
WARNING: Use --enable-native-access=ALL-UNNAMED to avoid a warning for callers in this module
WARNING: Restricted methods will be blocked in a future release unless native access is enabled

WARNING: A terminally deprecated method in sun.misc.Unsafe has been called
WARNING: sun.misc.Unsafe::objectFieldOffset has been called by com.google.common.util.concurrent.AbstractFuture$UnsafeAtomicHelper (file:/Users/abba/.m2/wrapper/dists/apache-maven-3.9.9-bin/841d5b83/apache-maven-3.9.9/lib/guava-33.2.1-jre.jar)
WARNING: Please consider reporting this to the maintainers of class com.google.common.util.concurrent.AbstractFuture$UnsafeAtomicHelper
WARNING: sun.misc.Unsafe::objectFieldOffset will be removed in a future release
[INFO] Scanning for projects...
[INFO] 
[INFO] -------------------< com.freshpress:freshpress-api >--------------------
[INFO] Building FreshPress API 0.0.1-SNAPSHOT
[INFO]   from pom.xml
[INFO] --------------------------------[ jar ]---------------------------------
[INFO] 
[INFO] >>> spring-boot:3.4.3:run (default-cli) > test-compile @ freshpress-api >>>
[INFO] 
[INFO] --- resources:3.3.1:resources (default-resources) @ freshpress-api ---
[INFO] Copying 1 resource from src/main/resources to target/classes
[INFO] Copying 0 resource from src/main/resources to target/classes
[INFO] 
[INFO] --- compiler:3.13.0:compile (default-compile) @ freshpress-api ---
[INFO] Nothing to compile - all classes are up to date.
[INFO] 
[INFO] --- resources:3.3.1:testResources (default-testResources) @ freshpress-api ---
[INFO] Copying 2 resources from src/test/resources to target/test-classes
[INFO] 
[INFO] --- compiler:3.13.0:testCompile (default-testCompile) @ freshpress-api ---
[INFO] Nothing to compile - all classes are up to date.
[INFO] 
[INFO] <<< spring-boot:3.4.3:run (default-cli) < test-compile @ freshpress-api <<<
[INFO] 
[INFO] 
[INFO] --- spring-boot:3.4.3:run (default-cli) @ freshpress-api ---
[INFO] Attaching agents: []

  .   ____          _            __ _ _
 /\\ / ___'_ __ _ _(_)_ __  __ _ \ \ \ \
( ( )\___ | '_ | '_| | '_ \/ _` | \ \ \ \
 \\/  ___)| |_)| | | | | || (_| |  ) ) ) )
  '  |____| .__|_| |_|_| |_\__, | / / / /
 =========|_|==============|___/=/_/_/_/

 :: Spring Boot ::                (v3.4.3)

2026-02-27T17:12:11.539+01:00  INFO 86265 --- [freshpress-api] [  restartedMain] com.freshpress.FreshPressApplication     : Starting FreshPressApplication using Java 24.0.2 with PID 86265 (/Users/abba/Desktop/anti-session/freshpress-api/target/classes started by abba in /Users/abba/Desktop/anti-session/freshpress-api)
2026-02-27T17:12:11.540+01:00  INFO 86265 --- [freshpress-api] [  restartedMain] com.freshpress.FreshPressApplication     : No active profile set, falling back to 1 default profile: "default"
2026-02-27T17:12:11.564+01:00  INFO 86265 --- [freshpress-api] [  restartedMain] .e.DevToolsPropertyDefaultsPostProcessor : Devtools property defaults active! Set 'spring.devtools.add-properties' to 'false' to disable
2026-02-27T17:12:11.564+01:00  INFO 86265 --- [freshpress-api] [  restartedMain] .e.DevToolsPropertyDefaultsPostProcessor : For additional web related logging consider setting the 'logging.level.web' property to 'DEBUG'
2026-02-27T17:12:11.968+01:00  INFO 86265 --- [freshpress-api] [  restartedMain] .s.d.r.c.RepositoryConfigurationDelegate : Bootstrapping Spring Data JPA repositories in DEFAULT mode.
2026-02-27T17:12:12.011+01:00  INFO 86265 --- [freshpress-api] [  restartedMain] .s.d.r.c.RepositoryConfigurationDelegate : Finished Spring Data repository scanning in 36 ms. Found 4 JPA repository interfaces.
WARNING: A restricted method in java.lang.System has been called
WARNING: java.lang.System::load has been called by org.apache.tomcat.jni.Library in an unnamed module (file:/Users/abba/.m2/repository/org/apache/tomcat/embed/tomcat-embed-core/10.1.36/tomcat-embed-core-10.1.36.jar)
WARNING: Use --enable-native-access=ALL-UNNAMED to avoid a warning for callers in this module
WARNING: Restricted methods will be blocked in a future release unless native access is enabled

2026-02-27T17:12:12.391+01:00  INFO 86265 --- [freshpress-api] [  restartedMain] o.s.b.w.embedded.tomcat.TomcatWebServer  : Tomcat initialized with port 8080 (http)
2026-02-27T17:12:12.402+01:00  INFO 86265 --- [freshpress-api] [  restartedMain] o.apache.catalina.core.StandardService   : Starting service [Tomcat]
2026-02-27T17:12:12.402+01:00  INFO 86265 --- [freshpress-api] [  restartedMain] o.apache.catalina.core.StandardEngine    : Starting Servlet engine: [Apache Tomcat/10.1.36]
2026-02-27T17:12:12.420+01:00  INFO 86265 --- [freshpress-api] [  restartedMain] o.a.c.c.C.[Tomcat].[localhost].[/]       : Initializing Spring embedded WebApplicationContext
2026-02-27T17:12:12.420+01:00  INFO 86265 --- [freshpress-api] [  restartedMain] w.s.c.ServletWebServerApplicationContext : Root WebApplicationContext: initialization completed in 856 ms
2026-02-27T17:12:12.514+01:00  INFO 86265 --- [freshpress-api] [  restartedMain] o.hibernate.jpa.internal.util.LogHelper  : HHH000204: Processing PersistenceUnitInfo [name: default]
2026-02-27T17:12:12.543+01:00  INFO 86265 --- [freshpress-api] [  restartedMain] org.hibernate.Version                    : HHH000412: Hibernate ORM core version 6.6.8.Final
2026-02-27T17:12:12.558+01:00  INFO 86265 --- [freshpress-api] [  restartedMain] o.h.c.internal.RegionFactoryInitiator    : HHH000026: Second-level cache disabled
2026-02-27T17:12:12.695+01:00  INFO 86265 --- [freshpress-api] [  restartedMain] o.s.o.j.p.SpringPersistenceUnitInfo      : No LoadTimeWeaver setup: ignoring JPA class transformer
2026-02-27T17:12:12.709+01:00  INFO 86265 --- [freshpress-api] [  restartedMain] com.zaxxer.hikari.HikariDataSource       : HikariPool-1 - Starting...
2026-02-27T17:12:12.806+01:00  INFO 86265 --- [freshpress-api] [  restartedMain] com.zaxxer.hikari.pool.HikariPool        : HikariPool-1 - Added connection conn0: url=jdbc:h2:mem:freshpress user=SA
2026-02-27T17:12:12.807+01:00  INFO 86265 --- [freshpress-api] [  restartedMain] com.zaxxer.hikari.HikariDataSource       : HikariPool-1 - Start completed.
2026-02-27T17:12:12.820+01:00  WARN 86265 --- [freshpress-api] [  restartedMain] org.hibernate.orm.deprecation            : HHH90000025: H2Dialect does not need to be specified explicitly using 'hibernate.dialect' (remove the property setting and it will be selected by default)
2026-02-27T17:12:12.831+01:00  INFO 86265 --- [freshpress-api] [  restartedMain] org.hibernate.orm.connections.pooling    : HHH10001005: Database info:
	Database JDBC URL [Connecting through datasource 'HikariDataSource (HikariPool-1)']
	Database driver: undefined/unknown
	Database version: 2.3.232
	Autocommit mode: undefined/unknown
	Isolation level: undefined/unknown
	Minimum pool size: undefined/unknown
	Maximum pool size: undefined/unknown
2026-02-27T17:12:13.345+01:00  INFO 86265 --- [freshpress-api] [  restartedMain] o.h.e.t.j.p.i.JtaPlatformInitiator       : HHH000489: No JTA platform available (set 'hibernate.transaction.jta.platform' to enable JTA platform integration)
Hibernate: 
    drop table if exists customers cascade 
Hibernate: 
    drop table if exists order_items cascade 
Hibernate: 
    drop table if exists orders cascade 
Hibernate: 
    drop table if exists service_items cascade 
Hibernate: 
    drop table if exists users cascade 
Hibernate: 
    create table customers (
        created_at timestamp(6),
        id bigint generated by default as identity,
        address varchar(255),
        email varchar(255),
        name varchar(255) not null,
        phone varchar(255) not null,
        primary key (id)
    )
Hibernate: 
    create table order_items (
        quantity integer not null,
        subtotal numeric(10,2) not null,
        id bigint generated by default as identity,
        order_id bigint not null,
        service_item_id bigint not null,
        notes varchar(255),
        primary key (id)
    )
Hibernate: 
    create table orders (
        total_amount numeric(12,2),
        created_at timestamp(6),
        customer_id bigint not null,
        delivery_date timestamp(6),
        id bigint generated by default as identity,
        pickup_date timestamp(6),
        updated_at timestamp(6),
        notes varchar(500),
        status enum ('CANCELLED','DELIVERED','PENDING','PICKED_UP','PROCESSING','READY') not null,
        primary key (id)
    )
Hibernate: 
    create table service_items (
        price_per_unit numeric(10,2) not null,
        id bigint generated by default as identity,
        name varchar(255) not null,
        unit_type varchar(255) not null,
        category enum ('DRY_CLEAN','FOLD','IRON','SPECIAL_CARE','WASH','WASH_AND_IRON') not null,
        primary key (id)
    )
Hibernate: 
    create table users (
        created_at timestamp(6),
        id bigint generated by default as identity,
        email varchar(255) not null unique,
        full_name varchar(255),
        password varchar(255) not null,
        role enum ('ADMIN','CUSTOMER','STAFF') not null,
        primary key (id)
    )
Hibernate: 
    alter table if exists order_items 
       add constraint FKbioxgbv59vetrxe0ejfubep1w 
       foreign key (order_id) 
       references orders
Hibernate: 
    alter table if exists order_items 
       add constraint FK2k6fsy03ei2tqkecnr0t2b6rp 
       foreign key (service_item_id) 
       references service_items
Hibernate: 
    alter table if exists orders 
       add constraint FKpxtb8awmi0dk6smoh2vp1litg 
       foreign key (customer_id) 
       references customers
2026-02-27T17:12:13.377+01:00  INFO 86265 --- [freshpress-api] [  restartedMain] j.LocalContainerEntityManagerFactoryBean : Initialized JPA EntityManagerFactory for persistence unit 'default'
2026-02-27T17:12:13.611+01:00  INFO 86265 --- [freshpress-api] [  restartedMain] o.s.d.j.r.query.QueryEnhancerFactory     : Hibernate is in classpath; If applicable, HQL parser will be used.
2026-02-27T17:12:14.097+01:00  INFO 86265 --- [freshpress-api] [  restartedMain] eAuthenticationProviderManagerConfigurer : Global AuthenticationManager configured with AuthenticationProvider bean with name authenticationProvider
2026-02-27T17:12:14.098+01:00  WARN 86265 --- [freshpress-api] [  restartedMain] r$InitializeUserDetailsManagerConfigurer : Global AuthenticationManager configured with an AuthenticationProvider bean. UserDetailsService beans will not be used by Spring Security for automatically configuring username/password login. Consider removing the AuthenticationProvider bean. Alternatively, consider using the UserDetailsService in a manually instantiated DaoAuthenticationProvider. If the current configuration is intentional, to turn off this warning, increase the logging level of 'org.springframework.security.config.annotation.authentication.configuration.InitializeUserDetailsBeanManagerConfigurer' to ERROR
2026-02-27T17:12:14.133+01:00  WARN 86265 --- [freshpress-api] [  restartedMain] JpaBaseConfiguration$JpaWebConfiguration : spring.jpa.open-in-view is enabled by default. Therefore, database queries may be performed during view rendering. Explicitly configure spring.jpa.open-in-view to disable this warning
2026-02-27T17:12:14.481+01:00  INFO 86265 --- [freshpress-api] [  restartedMain] o.s.b.a.h2.H2ConsoleAutoConfiguration    : H2 console available at '/h2-console'. Database available at 'jdbc:h2:mem:freshpress'
2026-02-27T17:12:14.528+01:00  INFO 86265 --- [freshpress-api] [  restartedMain] o.s.b.d.a.OptionalLiveReloadServer       : LiveReload server is running on port 35729
2026-02-27T17:12:14.549+01:00  INFO 86265 --- [freshpress-api] [  restartedMain] o.s.b.w.embedded.tomcat.TomcatWebServer  : Tomcat started on port 8080 (http) with context path '/'
2026-02-27T17:12:14.556+01:00  INFO 86265 --- [freshpress-api] [  restartedMain] com.freshpress.FreshPressApplication     : Started FreshPressApplication in 3.231 seconds (process running for 3.451)
Hibernate: 
    select
        count(*) 
    from
        users u1_0
2026-02-27T17:12:14.602+01:00  INFO 86265 --- [freshpress-api] [  restartedMain] com.freshpress.config.DataSeeder         : 🧺 Seeding FreshPress demo data...
Hibernate: 
    insert 
    into
        users
        (created_at, email, full_name, password, role, id) 
    values
        (?, ?, ?, ?, ?, default)
Hibernate: 
    insert 
    into
        service_items
        (category, name, price_per_unit, unit_type, id) 
    values
        (?, ?, ?, ?, default)
Hibernate: 
    insert 
    into
        service_items
        (category, name, price_per_unit, unit_type, id) 
    values
        (?, ?, ?, ?, default)
Hibernate: 
    insert 
    into
        service_items
        (category, name, price_per_unit, unit_type, id) 
    values
        (?, ?, ?, ?, default)
Hibernate: 
    insert 
    into
        service_items
        (category, name, price_per_unit, unit_type, id) 
    values
        (?, ?, ?, ?, default)
Hibernate: 
    insert 
    into
        service_items
        (category, name, price_per_unit, unit_type, id) 
    values
        (?, ?, ?, ?, default)
Hibernate: 
    insert 
    into
        customers
        (address, created_at, email, name, phone, id) 
    values
        (?, ?, ?, ?, ?, default)
Hibernate: 
    insert 
    into
        customers
        (address, created_at, email, name, phone, id) 
    values
        (?, ?, ?, ?, ?, default)
Hibernate: 
    insert 
    into
        customers
        (address, created_at, email, name, phone, id) 
    values
        (?, ?, ?, ?, ?, default)
Hibernate: 
    insert 
    into
        orders
        (created_at, customer_id, delivery_date, notes, pickup_date, status, total_amount, updated_at, id) 
    values
        (?, ?, ?, ?, ?, ?, ?, ?, default)
Hibernate: 
    insert 
    into
        order_items
        (notes, order_id, quantity, service_item_id, subtotal, id) 
    values
        (?, ?, ?, ?, ?, default)
Hibernate: 
    insert 
    into
        order_items
        (notes, order_id, quantity, service_item_id, subtotal, id) 
    values
        (?, ?, ?, ?, ?, default)
Hibernate: 
    insert 
    into
        orders
        (created_at, customer_id, delivery_date, notes, pickup_date, status, total_amount, updated_at, id) 
    values
        (?, ?, ?, ?, ?, ?, ?, ?, default)
Hibernate: 
    insert 
    into
        order_items
        (notes, order_id, quantity, service_item_id, subtotal, id) 
    values
        (?, ?, ?, ?, ?, default)
Hibernate: 
    insert 
    into
        orders
        (created_at, customer_id, delivery_date, notes, pickup_date, status, total_amount, updated_at, id) 
    values
        (?, ?, ?, ?, ?, ?, ?, ?, default)
Hibernate: 
    insert 
    into
        order_items
        (notes, order_id, quantity, service_item_id, subtotal, id) 
    values
        (?, ?, ?, ?, ?, default)
2026-02-27T17:12:14.740+01:00  INFO 86265 --- [freshpress-api] [  restartedMain] com.freshpress.config.DataSeeder         : ✅ FreshPress demo data seeded: 1 admin, 5 services, 3 customers, 3 orders
2026-02-27T17:12:19.136+01:00  INFO 86265 --- [freshpress-api] [nio-8080-exec-2] o.a.c.c.C.[Tomcat].[localhost].[/]       : Initializing Spring DispatcherServlet 'dispatcherServlet'
2026-02-27T17:12:19.136+01:00  INFO 86265 --- [freshpress-api] [nio-8080-exec-2] o.s.web.servlet.DispatcherServlet        : Initializing Servlet 'dispatcherServlet'
2026-02-27T17:12:19.137+01:00  INFO 86265 --- [freshpress-api] [nio-8080-exec-2] o.s.web.servlet.DispatcherServlet        : Completed initialization in 1 ms
Hibernate: 
    select
        u1_0.id,
        u1_0.created_at,
        u1_0.email,
        u1_0.full_name,
        u1_0.password,
        u1_0.role 
    from
        users u1_0 
    where
        u1_0.email=?
Hibernate: 
    select
        u1_0.id,
        u1_0.created_at,
        u1_0.email,
        u1_0.full_name,
        u1_0.password,
        u1_0.role 
    from
        users u1_0 
    where
        u1_0.email=?
Hibernate: 
    select
        u1_0.id 
    from
        users u1_0 
    where
        u1_0.email=? 
    fetch
        first ? rows only
Hibernate: 
    insert 
    into
        users
        (created_at, email, full_name, password, role, id) 
    values
        (?, ?, ?, ?, ?, default)
Hibernate: 
    select
        u1_0.id,
        u1_0.created_at,
        u1_0.email,
        u1_0.full_name,
        u1_0.password,
        u1_0.role 
    from
        users u1_0 
    where
        u1_0.email=?
Hibernate: 
    select
        count(o1_0.id) 
    from
        orders o1_0 
    where
        o1_0.status=?
Hibernate: 
    select
        count(o1_0.id) 
    from
        orders o1_0 
    where
        o1_0.status=?
Hibernate: 
    select
        count(o1_0.id) 
    from
        orders o1_0 
    where
        o1_0.status=?
Hibernate: 
    select
        count(o1_0.id) 
    from
        orders o1_0 
    where
        o1_0.status=?
Hibernate: 
    select
        count(o1_0.id) 
    from
        orders o1_0 
    where
        o1_0.status=?
Hibernate: 
    select
        count(o1_0.id) 
    from
        orders o1_0 
    where
        o1_0.status=?
Hibernate: 
    select
        count(*) 
    from
        orders o1_0
Hibernate: 
    select
        count(c1_0.id) 
    from
        customers c1_0
Hibernate: 
    select
        coalesce(sum(o1_0.total_amount), 0) 
    from
        orders o1_0 
    where
        o1_0.status='DELIVERED'
Hibernate: 
    select
        count(o1_0.id) 
    from
        orders o1_0 
    where
        o1_0.status=?
Hibernate: 
    select
        count(o1_0.id) 
    from
        orders o1_0 
    where
        o1_0.status=?
Hibernate: 
    select
        count(o1_0.id) 
    from
        orders o1_0 
    where
        o1_0.status=?
Hibernate: 
    select
        count(o1_0.id) 
    from
        orders o1_0 
    where
        o1_0.status=?
Hibernate: 
    select
        u1_0.id,
        u1_0.created_at,
        u1_0.email,
        u1_0.full_name,
        u1_0.password,
        u1_0.role 
    from
        users u1_0 
    where
        u1_0.email=?
Hibernate: 
    select
        count(o1_0.id) 
    from
        orders o1_0 
    where
        o1_0.status=?
Hibernate: 
    select
        count(o1_0.id) 
    from
        orders o1_0 
    where
        o1_0.status=?
Hibernate: 
    select
        count(o1_0.id) 
    from
        orders o1_0 
    where
        o1_0.status=?
Hibernate: 
    select
        count(o1_0.id) 
    from
        orders o1_0 
    where
        o1_0.status=?
Hibernate: 
    select
        count(o1_0.id) 
    from
        orders o1_0 
    where
        o1_0.status=?
Hibernate: 
    select
        count(o1_0.id) 
    from
        orders o1_0 
    where
        o1_0.status=?
Hibernate: 
    select
        count(*) 
    from
        orders o1_0
Hibernate: 
    select
        count(c1_0.id) 
    from
        customers c1_0
Hibernate: 
    select
        coalesce(sum(o1_0.total_amount), 0) 
    from
        orders o1_0 
    where
        o1_0.status='DELIVERED'
Hibernate: 
    select
        count(o1_0.id) 
    from
        orders o1_0 
    where
        o1_0.status=?
Hibernate: 
    select
        count(o1_0.id) 
    from
        orders o1_0 
    where
        o1_0.status=?
Hibernate: 
    select
        count(o1_0.id) 
    from
        orders o1_0 
    where
        o1_0.status=?
Hibernate: 
    select
        count(o1_0.id) 
    from
        orders o1_0 
    where
        o1_0.status=?
Hibernate: 
    select
        u1_0.id,
        u1_0.created_at,
        u1_0.email,
        u1_0.full_name,
        u1_0.password,
        u1_0.role 
    from
        users u1_0 
    where
        u1_0.email=?
Hibernate: 
    select
        o1_0.id,
        o1_0.created_at,
        o1_0.customer_id,
        o1_0.delivery_date,
        o1_0.notes,
        o1_0.pickup_date,
        o1_0.status,
        o1_0.total_amount,
        o1_0.updated_at 
    from
        orders o1_0 
    offset
        ? rows 
    fetch
        first ? rows only
2026-02-27T17:26:24.711+01:00  WARN 86265 --- [freshpress-api] [nio-8080-exec-5] ration$PageModule$WarningLoggingModifier : Serializing PageImpl instances as-is is not supported, meaning that there is no guarantee about the stability of the resulting JSON structure!
	For a stable JSON structure, please use Spring Data's PagedModel (globally via @EnableSpringDataWebSupport(pageSerializationMode = VIA_DTO))
	or Spring HATEOAS and Spring Data's PagedResourcesAssembler as documented in https://docs.spring.io/spring-data/commons/reference/repositories/core-extensions.html#core.web.pageables.

Hibernate: 
    select
        c1_0.id,
        c1_0.address,
        c1_0.created_at,
        c1_0.email,
        c1_0.name,
        c1_0.phone 
    from
        customers c1_0 
    where
        c1_0.id=?
Hibernate: 
    select
        i1_0.order_id,
        i1_0.id,
        i1_0.notes,
        i1_0.quantity,
        i1_0.service_item_id,
        si1_0.id,
        si1_0.category,
        si1_0.name,
        si1_0.price_per_unit,
        si1_0.unit_type,
        i1_0.subtotal 
    from
        order_items i1_0 
    left join
        service_items si1_0 
            on si1_0.id=i1_0.service_item_id 
    where
        i1_0.order_id=?
Hibernate: 
    select
        c1_0.id,
        c1_0.address,
        c1_0.created_at,
        c1_0.email,
        c1_0.name,
        c1_0.phone 
    from
        customers c1_0 
    where
        c1_0.id=?
Hibernate: 
    select
        i1_0.order_id,
        i1_0.id,
        i1_0.notes,
        i1_0.quantity,
        i1_0.service_item_id,
        si1_0.id,
        si1_0.category,
        si1_0.name,
        si1_0.price_per_unit,
        si1_0.unit_type,
        i1_0.subtotal 
    from
        order_items i1_0 
    left join
        service_items si1_0 
            on si1_0.id=i1_0.service_item_id 
    where
        i1_0.order_id=?
Hibernate: 
    select
        c1_0.id,
        c1_0.address,
        c1_0.created_at,
        c1_0.email,
        c1_0.name,
        c1_0.phone 
    from
        customers c1_0 
    where
        c1_0.id=?
Hibernate: 
    select
        i1_0.order_id,
        i1_0.id,
        i1_0.notes,
        i1_0.quantity,
        i1_0.service_item_id,
        si1_0.id,
        si1_0.category,
        si1_0.name,
        si1_0.price_per_unit,
        si1_0.unit_type,
        i1_0.subtotal 
    from
        order_items i1_0 
    left join
        service_items si1_0 
            on si1_0.id=i1_0.service_item_id 
    where
        i1_0.order_id=?
Hibernate: 
    select
        u1_0.id,
        u1_0.created_at,
        u1_0.email,
        u1_0.full_name,
        u1_0.password,
        u1_0.role 
    from
        users u1_0 
    where
        u1_0.email=?
Hibernate: 
    select
        o1_0.id,
        o1_0.created_at,
        o1_0.customer_id,
        o1_0.delivery_date,
        o1_0.notes,
        o1_0.pickup_date,
        o1_0.status,
        o1_0.total_amount,
        o1_0.updated_at 
    from
        orders o1_0 
    offset
        ? rows 
    fetch
        first ? rows only
Hibernate: 
    select
        c1_0.id,
        c1_0.address,
        c1_0.created_at,
        c1_0.email,
        c1_0.name,
        c1_0.phone 
    from
        customers c1_0 
    where
        c1_0.id=?
Hibernate: 
    select
        i1_0.order_id,
        i1_0.id,
        i1_0.notes,
        i1_0.quantity,
        i1_0.service_item_id,
        si1_0.id,
        si1_0.category,
        si1_0.name,
        si1_0.price_per_unit,
        si1_0.unit_type,
        i1_0.subtotal 
    from
        order_items i1_0 
    left join
        service_items si1_0 
            on si1_0.id=i1_0.service_item_id 
    where
        i1_0.order_id=?
Hibernate: 
    select
        c1_0.id,
        c1_0.address,
        c1_0.created_at,
        c1_0.email,
        c1_0.name,
        c1_0.phone 
    from
        customers c1_0 
    where
        c1_0.id=?
Hibernate: 
    select
        i1_0.order_id,
        i1_0.id,
        i1_0.notes,
        i1_0.quantity,
        i1_0.service_item_id,
        si1_0.id,
        si1_0.category,
        si1_0.name,
        si1_0.price_per_unit,
        si1_0.unit_type,
        i1_0.subtotal 
    from
        order_items i1_0 
    left join
        service_items si1_0 
            on si1_0.id=i1_0.service_item_id 
    where
        i1_0.order_id=?
Hibernate: 
    select
        c1_0.id,
        c1_0.address,
        c1_0.created_at,
        c1_0.email,
        c1_0.name,
        c1_0.phone 
    from
        customers c1_0 
    where
        c1_0.id=?
Hibernate: 
    select
        i1_0.order_id,
        i1_0.id,
        i1_0.notes,
        i1_0.quantity,
        i1_0.service_item_id,
        si1_0.id,
        si1_0.category,
        si1_0.name,
        si1_0.price_per_unit,
        si1_0.unit_type,
        i1_0.subtotal 
    from
        order_items i1_0 
    left join
        service_items si1_0 
            on si1_0.id=i1_0.service_item_id 
    where
        i1_0.order_id=?
Hibernate: 
    select
        u1_0.id,
        u1_0.created_at,
        u1_0.email,
        u1_0.full_name,
        u1_0.password,
        u1_0.role 
    from
        users u1_0 
    where
        u1_0.email=?
Hibernate: 
    select
        u1_0.id,
        u1_0.created_at,
        u1_0.email,
        u1_0.full_name,
        u1_0.password,
        u1_0.role 
    from
        users u1_0 
    where
        u1_0.email=?
Hibernate: 
    select
        si1_0.id,
        si1_0.category,
        si1_0.name,
        si1_0.price_per_unit,
        si1_0.unit_type 
    from
        service_items si1_0
Hibernate: 
    select
        c1_0.id,
        c1_0.address,
        c1_0.created_at,
        c1_0.email,
        c1_0.name,
        c1_0.phone 
    from
        customers c1_0 
    offset
        ? rows 
    fetch
        first ? rows only
Hibernate: 
    select
        o1_0.customer_id,
        o1_0.id,
        o1_0.created_at,
        o1_0.delivery_date,
        o1_0.notes,
        o1_0.pickup_date,
        o1_0.status,
        o1_0.total_amount,
        o1_0.updated_at 
    from
        orders o1_0 
    where
        o1_0.customer_id=?
Hibernate: 
    select
        i1_0.order_id,
        i1_0.id,
        i1_0.notes,
        i1_0.quantity,
        i1_0.service_item_id,
        si1_0.id,
        si1_0.category,
        si1_0.name,
        si1_0.price_per_unit,
        si1_0.unit_type,
        i1_0.subtotal 
    from
        order_items i1_0 
    left join
        service_items si1_0 
            on si1_0.id=i1_0.service_item_id 
    where
        i1_0.order_id=?
Hibernate: 
    select
        o1_0.customer_id,
        o1_0.id,
        o1_0.created_at,
        o1_0.delivery_date,
        o1_0.notes,
        o1_0.pickup_date,
        o1_0.status,
        o1_0.total_amount,
        o1_0.updated_at 
    from
        orders o1_0 
    where
        o1_0.customer_id=?
Hibernate: 
    select
        i1_0.order_id,
        i1_0.id,
        i1_0.notes,
        i1_0.quantity,
        i1_0.service_item_id,
        si1_0.id,
        si1_0.category,
        si1_0.name,
        si1_0.price_per_unit,
        si1_0.unit_type,
        i1_0.subtotal 
    from
        order_items i1_0 
    left join
        service_items si1_0 
            on si1_0.id=i1_0.service_item_id 
    where
        i1_0.order_id=?
Hibernate: 
    select
        o1_0.customer_id,
        o1_0.id,
        o1_0.created_at,
        o1_0.delivery_date,
        o1_0.notes,
        o1_0.pickup_date,
        o1_0.status,
        o1_0.total_amount,
        o1_0.updated_at 
    from
        orders o1_0 
    where
        o1_0.customer_id=?
Hibernate: 
    select
        i1_0.order_id,
        i1_0.id,
        i1_0.notes,
        i1_0.quantity,
        i1_0.service_item_id,
        si1_0.id,
        si1_0.category,
        si1_0.name,
        si1_0.price_per_unit,
        si1_0.unit_type,
        i1_0.subtotal 
    from
        order_items i1_0 
    left join
        service_items si1_0 
            on si1_0.id=i1_0.service_item_id 
    where
        i1_0.order_id=?
Hibernate: 
    select
        u1_0.id,
        u1_0.created_at,
        u1_0.email,
        u1_0.full_name,
        u1_0.password,
        u1_0.role 
    from
        users u1_0 
    where
        u1_0.email=?
Hibernate: 
    select
        c1_0.id,
        c1_0.address,
        c1_0.created_at,
        c1_0.email,
        c1_0.name,
        c1_0.phone 
    from
        customers c1_0 
    offset
        ? rows 
    fetch
        first ? rows only
Hibernate: 
    select
        o1_0.customer_id,
        o1_0.id,
        o1_0.created_at,
        o1_0.delivery_date,
        o1_0.notes,
        o1_0.pickup_date,
        o1_0.status,
        o1_0.total_amount,
        o1_0.updated_at 
    from
        orders o1_0 
    where
        o1_0.customer_id=?
Hibernate: 
    select
        i1_0.order_id,
        i1_0.id,
        i1_0.notes,
        i1_0.quantity,
        i1_0.service_item_id,
        si1_0.id,
        si1_0.category,
        si1_0.name,
        si1_0.price_per_unit,
        si1_0.unit_type,
        i1_0.subtotal 
    from
        order_items i1_0 
    left join
        service_items si1_0 
            on si1_0.id=i1_0.service_item_id 
    where
        i1_0.order_id=?
Hibernate: 
    select
        o1_0.customer_id,
        o1_0.id,
        o1_0.created_at,
        o1_0.delivery_date,
        o1_0.notes,
        o1_0.pickup_date,
        o1_0.status,
        o1_0.total_amount,
        o1_0.updated_at 
    from
        orders o1_0 
    where
        o1_0.customer_id=?
Hibernate: 
    select
        i1_0.order_id,
        i1_0.id,
        i1_0.notes,
        i1_0.quantity,
        i1_0.service_item_id,
        si1_0.id,
        si1_0.category,
        si1_0.name,
        si1_0.price_per_unit,
        si1_0.unit_type,
        i1_0.subtotal 
    from
        order_items i1_0 
    left join
        service_items si1_0 
            on si1_0.id=i1_0.service_item_id 
    where
        i1_0.order_id=?
Hibernate: 
    select
        o1_0.customer_id,
        o1_0.id,
        o1_0.created_at,
        o1_0.delivery_date,
        o1_0.notes,
        o1_0.pickup_date,
        o1_0.status,
        o1_0.total_amount,
        o1_0.updated_at 
    from
        orders o1_0 
    where
        o1_0.customer_id=?
Hibernate: 
    select
        i1_0.order_id,
        i1_0.id,
        i1_0.notes,
        i1_0.quantity,
        i1_0.service_item_id,
        si1_0.id,
        si1_0.category,
        si1_0.name,
        si1_0.price_per_unit,
        si1_0.unit_type,
        i1_0.subtotal 
    from
        order_items i1_0 
    left join
        service_items si1_0 
            on si1_0.id=i1_0.service_item_id 
    where
        i1_0.order_id=?
Hibernate: 
    select
        u1_0.id,
        u1_0.created_at,
        u1_0.email,
        u1_0.full_name,
        u1_0.password,
        u1_0.role 
    from
        users u1_0 
    where
        u1_0.email=?
Hibernate: 
    select
        c1_0.id,
        c1_0.address,
        c1_0.created_at,
        c1_0.email,
        c1_0.name,
        c1_0.phone 
    from
        customers c1_0 
    offset
        ? rows 
    fetch
        first ? rows only
Hibernate: 
    select
        o1_0.customer_id,
        o1_0.id,
        o1_0.created_at,
        o1_0.delivery_date,
        o1_0.notes,
        o1_0.pickup_date,
        o1_0.status,
        o1_0.total_amount,
        o1_0.updated_at 
    from
        orders o1_0 
    where
        o1_0.customer_id=?
Hibernate: 
    select
        i1_0.order_id,
        i1_0.id,
        i1_0.notes,
        i1_0.quantity,
        i1_0.service_item_id,
        si1_0.id,
        si1_0.category,
        si1_0.name,
        si1_0.price_per_unit,
        si1_0.unit_type,
        i1_0.subtotal 
    from
        order_items i1_0 
    left join
        service_items si1_0 
            on si1_0.id=i1_0.service_item_id 
    where
        i1_0.order_id=?
Hibernate: 
    select
        o1_0.customer_id,
        o1_0.id,
        o1_0.created_at,
        o1_0.delivery_date,
        o1_0.notes,
        o1_0.pickup_date,
        o1_0.status,
        o1_0.total_amount,
        o1_0.updated_at 
    from
        orders o1_0 
    where
        o1_0.customer_id=?
Hibernate: 
    select
        i1_0.order_id,
        i1_0.id,
        i1_0.notes,
        i1_0.quantity,
        i1_0.service_item_id,
        si1_0.id,
        si1_0.category,
        si1_0.name,
        si1_0.price_per_unit,
        si1_0.unit_type,
        i1_0.subtotal 
    from
        order_items i1_0 
    left join
        service_items si1_0 
            on si1_0.id=i1_0.service_item_id 
    where
        i1_0.order_id=?
Hibernate: 
    select
        o1_0.customer_id,
        o1_0.id,
        o1_0.created_at,
        o1_0.delivery_date,
        o1_0.notes,
        o1_0.pickup_date,
        o1_0.status,
        o1_0.total_amount,
        o1_0.updated_at 
    from
        orders o1_0 
    where
        o1_0.customer_id=?
Hibernate: 
    select
        i1_0.order_id,
        i1_0.id,
        i1_0.notes,
        i1_0.quantity,
        i1_0.service_item_id,
        si1_0.id,
        si1_0.category,
        si1_0.name,
        si1_0.price_per_unit,
        si1_0.unit_type,
        i1_0.subtotal 
    from
        order_items i1_0 
    left join
        service_items si1_0 
            on si1_0.id=i1_0.service_item_id 
    where
        i1_0.order_id=?
Hibernate: 
    select
        u1_0.id,
        u1_0.created_at,
        u1_0.email,
        u1_0.full_name,
        u1_0.password,
        u1_0.role 
    from
        users u1_0 
    where
        u1_0.email=?
Hibernate: 
    select
        si1_0.id,
        si1_0.category,
        si1_0.name,
        si1_0.price_per_unit,
        si1_0.unit_type 
    from
        service_items si1_0
Hibernate: 
    select
        u1_0.id,
        u1_0.created_at,
        u1_0.email,
        u1_0.full_name,
        u1_0.password,
        u1_0.role 
    from
        users u1_0 
    where
        u1_0.email=?
Hibernate: 
    select
        si1_0.id,
        si1_0.category,
        si1_0.name,
        si1_0.price_per_unit,
        si1_0.unit_type 
    from
        service_items si1_0
Hibernate: 
    select
        u1_0.id,
        u1_0.created_at,
        u1_0.email,
        u1_0.full_name,
        u1_0.password,
        u1_0.role 
    from
        users u1_0 
    where
        u1_0.email=?
Hibernate: 
    select
        u1_0.id,
        u1_0.created_at,
        u1_0.email,
        u1_0.full_name,
        u1_0.password,
        u1_0.role 
    from
        users u1_0 
    where
        u1_0.email=?
Hibernate: 
    select
        u1_0.id,
        u1_0.created_at,
        u1_0.email,
        u1_0.full_name,
        u1_0.password,
        u1_0.role 
    from
        users u1_0 
    where
        u1_0.email=?
Hibernate: 
    select
        count(o1_0.id) 
    from
        orders o1_0 
    where
        o1_0.status=?
Hibernate: 
    select
        count(o1_0.id) 
    from
        orders o1_0 
    where
        o1_0.status=?
Hibernate: 
    select
        count(o1_0.id) 
    from
        orders o1_0 
    where
        o1_0.status=?
Hibernate: 
    select
        count(o1_0.id) 
    from
        orders o1_0 
    where
        o1_0.status=?
Hibernate: 
    select
        count(o1_0.id) 
    from
        orders o1_0 
    where
        o1_0.status=?
Hibernate: 
    select
        count(o1_0.id) 
    from
        orders o1_0 
    where
        o1_0.status=?
Hibernate: 
    select
        count(*) 
    from
        orders o1_0
Hibernate: 
    select
        count(c1_0.id) 
    from
        customers c1_0
Hibernate: 
    select
        coalesce(sum(o1_0.total_amount), 0) 
    from
        orders o1_0 
    where
        o1_0.status='DELIVERED'
Hibernate: 
    select
        count(o1_0.id) 
    from
        orders o1_0 
    where
        o1_0.status=?
Hibernate: 
    select
        count(o1_0.id) 
    from
        orders o1_0 
    where
        o1_0.status=?
Hibernate: 
    select
        count(o1_0.id) 
    from
        orders o1_0 
    where
        o1_0.status=?
Hibernate: 
    select
        count(o1_0.id) 
    from
        orders o1_0 
    where
        o1_0.status=?
Hibernate: 
    select
        u1_0.id,
        u1_0.created_at,
        u1_0.email,
        u1_0.full_name,
        u1_0.password,
        u1_0.role 
    from
        users u1_0 
    where
        u1_0.email=?
Hibernate: 
    select
        count(o1_0.id) 
    from
        orders o1_0 
    where
        o1_0.status=?
Hibernate: 
    select
        count(o1_0.id) 
    from
        orders o1_0 
    where
        o1_0.status=?
Hibernate: 
    select
        count(o1_0.id) 
    from
        orders o1_0 
    where
        o1_0.status=?
Hibernate: 
    select
        count(o1_0.id) 
    from
        orders o1_0 
    where
        o1_0.status=?
Hibernate: 
    select
        count(o1_0.id) 
    from
        orders o1_0 
    where
        o1_0.status=?
Hibernate: 
    select
        count(o1_0.id) 
    from
        orders o1_0 
    where
        o1_0.status=?
Hibernate: 
    select
        count(*) 
    from
        orders o1_0
Hibernate: 
    select
        count(c1_0.id) 
    from
        customers c1_0
Hibernate: 
    select
        coalesce(sum(o1_0.total_amount), 0) 
    from
        orders o1_0 
    where
        o1_0.status='DELIVERED'
Hibernate: 
    select
        count(o1_0.id) 
    from
        orders o1_0 
    where
        o1_0.status=?
Hibernate: 
    select
        count(o1_0.id) 
    from
        orders o1_0 
    where
        o1_0.status=?
Hibernate: 
    select
        count(o1_0.id) 
    from
        orders o1_0 
    where
        o1_0.status=?
Hibernate: 
    select
        count(o1_0.id) 
    from
        orders o1_0 
    where
        o1_0.status=?
Hibernate: 
    select
        u1_0.id,
        u1_0.created_at,
        u1_0.email,
        u1_0.full_name,
        u1_0.password,
        u1_0.role 
    from
        users u1_0 
    where
        u1_0.email=?
Hibernate: 
    select
        o1_0.id,
        o1_0.created_at,
        o1_0.customer_id,
        o1_0.delivery_date,
        o1_0.notes,
        o1_0.pickup_date,
        o1_0.status,
        o1_0.total_amount,
        o1_0.updated_at 
    from
        orders o1_0 
    offset
        ? rows 
    fetch
        first ? rows only
Hibernate: 
    select
        c1_0.id,
        c1_0.address,
        c1_0.created_at,
        c1_0.email,
        c1_0.name,
        c1_0.phone 
    from
        customers c1_0 
    where
        c1_0.id=?
Hibernate: 
    select
        i1_0.order_id,
        i1_0.id,
        i1_0.notes,
        i1_0.quantity,
        i1_0.service_item_id,
        si1_0.id,
        si1_0.category,
        si1_0.name,
        si1_0.price_per_unit,
        si1_0.unit_type,
        i1_0.subtotal 
    from
        order_items i1_0 
    left join
        service_items si1_0 
            on si1_0.id=i1_0.service_item_id 
    where
        i1_0.order_id=?
Hibernate: 
    select
        c1_0.id,
        c1_0.address,
        c1_0.created_at,
        c1_0.email,
        c1_0.name,
        c1_0.phone 
    from
        customers c1_0 
    where
        c1_0.id=?
Hibernate: 
    select
        i1_0.order_id,
        i1_0.id,
        i1_0.notes,
        i1_0.quantity,
        i1_0.service_item_id,
        si1_0.id,
        si1_0.category,
        si1_0.name,
        si1_0.price_per_unit,
        si1_0.unit_type,
        i1_0.subtotal 
    from
        order_items i1_0 
    left join
        service_items si1_0 
            on si1_0.id=i1_0.service_item_id 
    where
        i1_0.order_id=?
Hibernate: 
    select
        c1_0.id,
        c1_0.address,
        c1_0.created_at,
        c1_0.email,
        c1_0.name,
        c1_0.phone 
    from
        customers c1_0 
    where
        c1_0.id=?
Hibernate: 
    select
        i1_0.order_id,
        i1_0.id,
        i1_0.notes,
        i1_0.quantity,
        i1_0.service_item_id,
        si1_0.id,
        si1_0.category,
        si1_0.name,
        si1_0.price_per_unit,
        si1_0.unit_type,
        i1_0.subtotal 
    from
        order_items i1_0 
    left join
        service_items si1_0 
            on si1_0.id=i1_0.service_item_id 
    where
        i1_0.order_id=?
Hibernate: 
    select
        u1_0.id,
        u1_0.created_at,
        u1_0.email,
        u1_0.full_name,
        u1_0.password,
        u1_0.role 
    from
        users u1_0 
    where
        u1_0.email=?
Hibernate: 
    select
        o1_0.id,
        o1_0.created_at,
        o1_0.customer_id,
        o1_0.delivery_date,
        o1_0.notes,
        o1_0.pickup_date,
        o1_0.status,
        o1_0.total_amount,
        o1_0.updated_at 
    from
        orders o1_0 
    offset
        ? rows 
    fetch
        first ? rows only
Hibernate: 
    select
        c1_0.id,
        c1_0.address,
        c1_0.created_at,
        c1_0.email,
        c1_0.name,
        c1_0.phone 
    from
        customers c1_0 
    where
        c1_0.id=?
Hibernate: 
    select
        i1_0.order_id,
        i1_0.id,
        i1_0.notes,
        i1_0.quantity,
        i1_0.service_item_id,
        si1_0.id,
        si1_0.category,
        si1_0.name,
        si1_0.price_per_unit,
        si1_0.unit_type,
        i1_0.subtotal 
    from
        order_items i1_0 
    left join
        service_items si1_0 
            on si1_0.id=i1_0.service_item_id 
    where
        i1_0.order_id=?
Hibernate: 
    select
        c1_0.id,
        c1_0.address,
        c1_0.created_at,
        c1_0.email,
        c1_0.name,
        c1_0.phone 
    from
        customers c1_0 
    where
        c1_0.id=?
Hibernate: 
    select
        i1_0.order_id,
        i1_0.id,
        i1_0.notes,
        i1_0.quantity,
        i1_0.service_item_id,
        si1_0.id,
        si1_0.category,
        si1_0.name,
        si1_0.price_per_unit,
        si1_0.unit_type,
        i1_0.subtotal 
    from
        order_items i1_0 
    left join
        service_items si1_0 
            on si1_0.id=i1_0.service_item_id 
    where
        i1_0.order_id=?
Hibernate: 
    select
        c1_0.id,
        c1_0.address,
        c1_0.created_at,
        c1_0.email,
        c1_0.name,
        c1_0.phone 
    from
        customers c1_0 
    where
        c1_0.id=?
Hibernate: 
    select
        i1_0.order_id,
        i1_0.id,
        i1_0.notes,
        i1_0.quantity,
        i1_0.service_item_id,
        si1_0.id,
        si1_0.category,
        si1_0.name,
        si1_0.price_per_unit,
        si1_0.unit_type,
        i1_0.subtotal 
    from
        order_items i1_0 
    left join
        service_items si1_0 
            on si1_0.id=i1_0.service_item_id 
    where
        i1_0.order_id=?
Hibernate: 
    select
        u1_0.id,
        u1_0.created_at,
        u1_0.email,
        u1_0.full_name,
        u1_0.password,
        u1_0.role 
    from
        users u1_0 
    where
        u1_0.email=?
Hibernate: 
    select
        o1_0.id,
        o1_0.created_at,
        o1_0.customer_id,
        o1_0.delivery_date,
        o1_0.notes,
        o1_0.pickup_date,
        o1_0.status,
        o1_0.total_amount,
        o1_0.updated_at 
    from
        orders o1_0 
    where
        o1_0.status=? 
    fetch
        first ? rows only
Hibernate: 
    select
        c1_0.id,
        c1_0.address,
        c1_0.created_at,
        c1_0.email,
        c1_0.name,
        c1_0.phone 
    from
        customers c1_0 
    where
        c1_0.id=?
Hibernate: 
    select
        i1_0.order_id,
        i1_0.id,
        i1_0.notes,
        i1_0.quantity,
        i1_0.service_item_id,
        si1_0.id,
        si1_0.category,
        si1_0.name,
        si1_0.price_per_unit,
        si1_0.unit_type,
        i1_0.subtotal 
    from
        order_items i1_0 
    left join
        service_items si1_0 
            on si1_0.id=i1_0.service_item_id 
    where
        i1_0.order_id=?
Hibernate: 
    select
        u1_0.id,
        u1_0.created_at,
        u1_0.email,
        u1_0.full_name,
        u1_0.password,
        u1_0.role 
    from
        users u1_0 
    where
        u1_0.email=?
Hibernate: 
    select
        o1_0.id,
        o1_0.created_at,
        o1_0.customer_id,
        o1_0.delivery_date,
        o1_0.notes,
        o1_0.pickup_date,
        o1_0.status,
        o1_0.total_amount,
        o1_0.updated_at 
    from
        orders o1_0 
    where
        o1_0.status=? 
    fetch
        first ? rows only
Hibernate: 
    select
        u1_0.id,
        u1_0.created_at,
        u1_0.email,
        u1_0.full_name,
        u1_0.password,
        u1_0.role 
    from
        users u1_0 
    where
        u1_0.email=?
Hibernate: 
    select
        o1_0.id,
        o1_0.created_at,
        o1_0.customer_id,
        o1_0.delivery_date,
        o1_0.notes,
        o1_0.pickup_date,
        o1_0.status,
        o1_0.total_amount,
        o1_0.updated_at 
    from
        orders o1_0 
    where
        o1_0.status=? 
    fetch
        first ? rows only
Hibernate: 
    select
        c1_0.id,
        c1_0.address,
        c1_0.created_at,
        c1_0.email,
        c1_0.name,
        c1_0.phone 
    from
        customers c1_0 
    where
        c1_0.id=?
Hibernate: 
    select
        i1_0.order_id,
        i1_0.id,
        i1_0.notes,
        i1_0.quantity,
        i1_0.service_item_id,
        si1_0.id,
        si1_0.category,
        si1_0.name,
        si1_0.price_per_unit,
        si1_0.unit_type,
        i1_0.subtotal 
    from
        order_items i1_0 
    left join
        service_items si1_0 
            on si1_0.id=i1_0.service_item_id 
    where
        i1_0.order_id=?
Hibernate: 
    select
        u1_0.id,
        u1_0.created_at,
        u1_0.email,
        u1_0.full_name,
        u1_0.password,
        u1_0.role 
    from
        users u1_0 
    where
        u1_0.email=?
Hibernate: 
    select
        o1_0.id,
        o1_0.created_at,
        o1_0.customer_id,
        o1_0.delivery_date,
        o1_0.notes,
        o1_0.pickup_date,
        o1_0.status,
        o1_0.total_amount,
        o1_0.updated_at 
    from
        orders o1_0 
    where
        o1_0.status=? 
    fetch
        first ? rows only
Hibernate: 
    select
        u1_0.id,
        u1_0.created_at,
        u1_0.email,
        u1_0.full_name,
        u1_0.password,
        u1_0.role 
    from
        users u1_0 
    where
        u1_0.email=?
Hibernate: 
    select
        o1_0.id,
        o1_0.created_at,
        o1_0.customer_id,
        o1_0.delivery_date,
        o1_0.notes,
        o1_0.pickup_date,
        o1_0.status,
        o1_0.total_amount,
        o1_0.updated_at 
    from
        orders o1_0 
    where
        o1_0.status=? 
    fetch
        first ? rows only
Hibernate: 
    select
        c1_0.id,
        c1_0.address,
        c1_0.created_at,
        c1_0.email,
        c1_0.name,
        c1_0.phone 
    from
        customers c1_0 
    where
        c1_0.id=?
Hibernate: 
    select
        i1_0.order_id,
        i1_0.id,
        i1_0.notes,
        i1_0.quantity,
        i1_0.service_item_id,
        si1_0.id,
        si1_0.category,
        si1_0.name,
        si1_0.price_per_unit,
        si1_0.unit_type,
        i1_0.subtotal 
    from
        order_items i1_0 
    left join
        service_items si1_0 
            on si1_0.id=i1_0.service_item_id 
    where
        i1_0.order_id=?
Hibernate: 
    select
        u1_0.id,
        u1_0.created_at,
        u1_0.email,
        u1_0.full_name,
        u1_0.password,
        u1_0.role 
    from
        users u1_0 
    where
        u1_0.email=?
Hibernate: 
    select
        o1_0.id,
        o1_0.created_at,
        o1_0.customer_id,
        o1_0.delivery_date,
        o1_0.notes,
        o1_0.pickup_date,
        o1_0.status,
        o1_0.total_amount,
        o1_0.updated_at 
    from
        orders o1_0 
    where
        o1_0.status=? 
    fetch
        first ? rows only
Hibernate: 
    select
        u1_0.id,
        u1_0.created_at,
        u1_0.email,
        u1_0.full_name,
        u1_0.password,
        u1_0.role 
    from
        users u1_0 
    where
        u1_0.email=?
Hibernate: 
    select
        o1_0.id,
        o1_0.created_at,
        o1_0.customer_id,
        o1_0.delivery_date,
        o1_0.notes,
        o1_0.pickup_date,
        o1_0.status,
        o1_0.total_amount,
        o1_0.updated_at 
    from
        orders o1_0 
    offset
        ? rows 
    fetch
        first ? rows only
Hibernate: 
    select
        c1_0.id,
        c1_0.address,
        c1_0.created_at,
        c1_0.email,
        c1_0.name,
        c1_0.phone 
    from
        customers c1_0 
    where
        c1_0.id=?
Hibernate: 
    select
        i1_0.order_id,
        i1_0.id,
        i1_0.notes,
        i1_0.quantity,
        i1_0.service_item_id,
        si1_0.id,
        si1_0.category,
        si1_0.name,
        si1_0.price_per_unit,
        si1_0.unit_type,
        i1_0.subtotal 
    from
        order_items i1_0 
    left join
        service_items si1_0 
            on si1_0.id=i1_0.service_item_id 
    where
        i1_0.order_id=?
Hibernate: 
    select
        c1_0.id,
        c1_0.address,
        c1_0.created_at,
        c1_0.email,
        c1_0.name,
        c1_0.phone 
    from
        customers c1_0 
    where
        c1_0.id=?
Hibernate: 
    select
        i1_0.order_id,
        i1_0.id,
        i1_0.notes,
        i1_0.quantity,
        i1_0.service_item_id,
        si1_0.id,
        si1_0.category,
        si1_0.name,
        si1_0.price_per_unit,
        si1_0.unit_type,
        i1_0.subtotal 
    from
        order_items i1_0 
    left join
        service_items si1_0 
            on si1_0.id=i1_0.service_item_id 
    where
        i1_0.order_id=?
Hibernate: 
    select
        c1_0.id,
        c1_0.address,
        c1_0.created_at,
        c1_0.email,
        c1_0.name,
        c1_0.phone 
    from
        customers c1_0 
    where
        c1_0.id=?
Hibernate: 
    select
        i1_0.order_id,
        i1_0.id,
        i1_0.notes,
        i1_0.quantity,
        i1_0.service_item_id,
        si1_0.id,
        si1_0.category,
        si1_0.name,
        si1_0.price_per_unit,
        si1_0.unit_type,
        i1_0.subtotal 
    from
        order_items i1_0 
    left join
        service_items si1_0 
            on si1_0.id=i1_0.service_item_id 
    where
        i1_0.order_id=?
Hibernate: 
    select
        u1_0.id,
        u1_0.created_at,
        u1_0.email,
        u1_0.full_name,
        u1_0.password,
        u1_0.role 
    from
        users u1_0 
    where
        u1_0.email=?
Hibernate: 
    select
        c1_0.id,
        c1_0.address,
        c1_0.created_at,
        c1_0.email,
        c1_0.name,
        c1_0.phone 
    from
        customers c1_0 
    offset
        ? rows 
    fetch
        first ? rows only
Hibernate: 
    select
        o1_0.customer_id,
        o1_0.id,
        o1_0.created_at,
        o1_0.delivery_date,
        o1_0.notes,
        o1_0.pickup_date,
        o1_0.status,
        o1_0.total_amount,
        o1_0.updated_at 
    from
        orders o1_0 
    where
        o1_0.customer_id=?
Hibernate: 
    select
        i1_0.order_id,
        i1_0.id,
        i1_0.notes,
        i1_0.quantity,
        i1_0.service_item_id,
        si1_0.id,
        si1_0.category,
        si1_0.name,
        si1_0.price_per_unit,
        si1_0.unit_type,
        i1_0.subtotal 
    from
        order_items i1_0 
    left join
        service_items si1_0 
            on si1_0.id=i1_0.service_item_id 
    where
        i1_0.order_id=?
Hibernate: 
    select
        o1_0.customer_id,
        o1_0.id,
        o1_0.created_at,
        o1_0.delivery_date,
        o1_0.notes,
        o1_0.pickup_date,
        o1_0.status,
        o1_0.total_amount,
        o1_0.updated_at 
    from
        orders o1_0 
    where
        o1_0.customer_id=?
Hibernate: 
    select
        i1_0.order_id,
        i1_0.id,
        i1_0.notes,
        i1_0.quantity,
        i1_0.service_item_id,
        si1_0.id,
        si1_0.category,
        si1_0.name,
        si1_0.price_per_unit,
        si1_0.unit_type,
        i1_0.subtotal 
    from
        order_items i1_0 
    left join
        service_items si1_0 
            on si1_0.id=i1_0.service_item_id 
    where
        i1_0.order_id=?
Hibernate: 
    select
        o1_0.customer_id,
        o1_0.id,
        o1_0.created_at,
        o1_0.delivery_date,
        o1_0.notes,
        o1_0.pickup_date,
        o1_0.status,
        o1_0.total_amount,
        o1_0.updated_at 
    from
        orders o1_0 
    where
        o1_0.customer_id=?
Hibernate: 
    select
        i1_0.order_id,
        i1_0.id,
        i1_0.notes,
        i1_0.quantity,
        i1_0.service_item_id,
        si1_0.id,
        si1_0.category,
        si1_0.name,
        si1_0.price_per_unit,
        si1_0.unit_type,
        i1_0.subtotal 
    from
        order_items i1_0 
    left join
        service_items si1_0 
            on si1_0.id=i1_0.service_item_id 
    where
        i1_0.order_id=?
Hibernate: 
    select
        u1_0.id,
        u1_0.created_at,
        u1_0.email,
        u1_0.full_name,
        u1_0.password,
        u1_0.role 
    from
        users u1_0 
    where
        u1_0.email=?
Hibernate: 
    select
        c1_0.id,
        c1_0.address,
        c1_0.created_at,
        c1_0.email,
        c1_0.name,
        c1_0.phone 
    from
        customers c1_0 
    offset
        ? rows 
    fetch
        first ? rows only
Hibernate: 
    select
        o1_0.customer_id,
        o1_0.id,
        o1_0.created_at,
        o1_0.delivery_date,
        o1_0.notes,
        o1_0.pickup_date,
        o1_0.status,
        o1_0.total_amount,
        o1_0.updated_at 
    from
        orders o1_0 
    where
        o1_0.customer_id=?
Hibernate: 
    select
        i1_0.order_id,
        i1_0.id,
        i1_0.notes,
        i1_0.quantity,
        i1_0.service_item_id,
        si1_0.id,
        si1_0.category,
        si1_0.name,
        si1_0.price_per_unit,
        si1_0.unit_type,
        i1_0.subtotal 
    from
        order_items i1_0 
    left join
        service_items si1_0 
            on si1_0.id=i1_0.service_item_id 
    where
        i1_0.order_id=?
Hibernate: 
    select
        o1_0.customer_id,
        o1_0.id,
        o1_0.created_at,
        o1_0.delivery_date,
        o1_0.notes,
        o1_0.pickup_date,
        o1_0.status,
        o1_0.total_amount,
        o1_0.updated_at 
    from
        orders o1_0 
    where
        o1_0.customer_id=?
Hibernate: 
    select
        i1_0.order_id,
        i1_0.id,
        i1_0.notes,
        i1_0.quantity,
        i1_0.service_item_id,
        si1_0.id,
        si1_0.category,
        si1_0.name,
        si1_0.price_per_unit,
        si1_0.unit_type,
        i1_0.subtotal 
    from
        order_items i1_0 
    left join
        service_items si1_0 
            on si1_0.id=i1_0.service_item_id 
    where
        i1_0.order_id=?
Hibernate: 
    select
        o1_0.customer_id,
        o1_0.id,
        o1_0.created_at,
        o1_0.delivery_date,
        o1_0.notes,
        o1_0.pickup_date,
        o1_0.status,
        o1_0.total_amount,
        o1_0.updated_at 
    from
        orders o1_0 
    where
        o1_0.customer_id=?
Hibernate: 
    select
        i1_0.order_id,
        i1_0.id,
        i1_0.notes,
        i1_0.quantity,
        i1_0.service_item_id,
        si1_0.id,
        si1_0.category,
        si1_0.name,
        si1_0.price_per_unit,
        si1_0.unit_type,
        i1_0.subtotal 
    from
        order_items i1_0 
    left join
        service_items si1_0 
            on si1_0.id=i1_0.service_item_id 
    where
        i1_0.order_id=?
Hibernate: 
    select
        u1_0.id,
        u1_0.created_at,
        u1_0.email,
        u1_0.full_name,
        u1_0.password,
        u1_0.role 
    from
        users u1_0 
    where
        u1_0.email=?
Hibernate: 
    insert 
    into
        customers
        (address, created_at, email, name, phone, id) 
    values
        (?, ?, ?, ?, ?, default)
Hibernate: 
    select
        u1_0.id,
        u1_0.created_at,
        u1_0.email,
        u1_0.full_name,
        u1_0.password,
        u1_0.role 
    from
        users u1_0 
    where
        u1_0.email=?
Hibernate: 
    select
        c1_0.id,
        c1_0.address,
        c1_0.created_at,
        c1_0.email,
        c1_0.name,
        c1_0.phone 
    from
        customers c1_0 
    offset
        ? rows 
    fetch
        first ? rows only
Hibernate: 
    select
        o1_0.customer_id,
        o1_0.id,
        o1_0.created_at,
        o1_0.delivery_date,
        o1_0.notes,
        o1_0.pickup_date,
        o1_0.status,
        o1_0.total_amount,
        o1_0.updated_at 
    from
        orders o1_0 
    where
        o1_0.customer_id=?
Hibernate: 
    select
        i1_0.order_id,
        i1_0.id,
        i1_0.notes,
        i1_0.quantity,
        i1_0.service_item_id,
        si1_0.id,
        si1_0.category,
        si1_0.name,
        si1_0.price_per_unit,
        si1_0.unit_type,
        i1_0.subtotal 
    from
        order_items i1_0 
    left join
        service_items si1_0 
            on si1_0.id=i1_0.service_item_id 
    where
        i1_0.order_id=?
Hibernate: 
    select
        o1_0.customer_id,
        o1_0.id,
        o1_0.created_at,
        o1_0.delivery_date,
        o1_0.notes,
        o1_0.pickup_date,
        o1_0.status,
        o1_0.total_amount,
        o1_0.updated_at 
    from
        orders o1_0 
    where
        o1_0.customer_id=?
Hibernate: 
    select
        i1_0.order_id,
        i1_0.id,
        i1_0.notes,
        i1_0.quantity,
        i1_0.service_item_id,
        si1_0.id,
        si1_0.category,
        si1_0.name,
        si1_0.price_per_unit,
        si1_0.unit_type,
        i1_0.subtotal 
    from
        order_items i1_0 
    left join
        service_items si1_0 
            on si1_0.id=i1_0.service_item_id 
    where
        i1_0.order_id=?
Hibernate: 
    select
        o1_0.customer_id,
        o1_0.id,
        o1_0.created_at,
        o1_0.delivery_date,
        o1_0.notes,
        o1_0.pickup_date,
        o1_0.status,
        o1_0.total_amount,
        o1_0.updated_at 
    from
        orders o1_0 
    where
        o1_0.customer_id=?
Hibernate: 
    select
        i1_0.order_id,
        i1_0.id,
        i1_0.notes,
        i1_0.quantity,
        i1_0.service_item_id,
        si1_0.id,
        si1_0.category,
        si1_0.name,
        si1_0.price_per_unit,
        si1_0.unit_type,
        i1_0.subtotal 
    from
        order_items i1_0 
    left join
        service_items si1_0 
            on si1_0.id=i1_0.service_item_id 
    where
        i1_0.order_id=?
Hibernate: 
    select
        o1_0.customer_id,
        o1_0.id,
        o1_0.created_at,
        o1_0.delivery_date,
        o1_0.notes,
        o1_0.pickup_date,
        o1_0.status,
        o1_0.total_amount,
        o1_0.updated_at 
    from
        orders o1_0 
    where
        o1_0.customer_id=?
Hibernate: 
    select
        u1_0.id,
        u1_0.created_at,
        u1_0.email,
        u1_0.full_name,
        u1_0.password,
        u1_0.role 
    from
        users u1_0 
    where
        u1_0.email=?
Hibernate: 
    select
        si1_0.id,
        si1_0.category,
        si1_0.name,
        si1_0.price_per_unit,
        si1_0.unit_type 
    from
        service_items si1_0
Hibernate: 
    select
        u1_0.id,
        u1_0.created_at,
        u1_0.email,
        u1_0.full_name,
        u1_0.password,
        u1_0.role 
    from
        users u1_0 
    where
        u1_0.email=?
Hibernate: 
    select
        si1_0.id,
        si1_0.category,
        si1_0.name,
        si1_0.price_per_unit,
        si1_0.unit_type 
    from
        service_items si1_0
Hibernate: 
    select
        u1_0.id,
        u1_0.created_at,
        u1_0.email,
        u1_0.full_name,
        u1_0.password,
        u1_0.role 
    from
        users u1_0 
    where
        u1_0.email=?
Hibernate: 
    select
        c1_0.id,
        c1_0.address,
        c1_0.created_at,
        c1_0.email,
        c1_0.name,
        c1_0.phone 
    from
        customers c1_0 
    offset
        ? rows 
    fetch
        first ? rows only
Hibernate: 
    select
        o1_0.customer_id,
        o1_0.id,
        o1_0.created_at,
        o1_0.delivery_date,
        o1_0.notes,
        o1_0.pickup_date,
        o1_0.status,
        o1_0.total_amount,
        o1_0.updated_at 
    from
        orders o1_0 
    where
        o1_0.customer_id=?
Hibernate: 
    select
        i1_0.order_id,
        i1_0.id,
        i1_0.notes,
        i1_0.quantity,
        i1_0.service_item_id,
        si1_0.id,
        si1_0.category,
        si1_0.name,
        si1_0.price_per_unit,
        si1_0.unit_type,
        i1_0.subtotal 
    from
        order_items i1_0 
    left join
        service_items si1_0 
            on si1_0.id=i1_0.service_item_id 
    where
        i1_0.order_id=?
Hibernate: 
    select
        o1_0.customer_id,
        o1_0.id,
        o1_0.created_at,
        o1_0.delivery_date,
        o1_0.notes,
        o1_0.pickup_date,
        o1_0.status,
        o1_0.total_amount,
        o1_0.updated_at 
    from
        orders o1_0 
    where
        o1_0.customer_id=?
Hibernate: 
    select
        i1_0.order_id,
        i1_0.id,
        i1_0.notes,
        i1_0.quantity,
        i1_0.service_item_id,
        si1_0.id,
        si1_0.category,
        si1_0.name,
        si1_0.price_per_unit,
        si1_0.unit_type,
        i1_0.subtotal 
    from
        order_items i1_0 
    left join
        service_items si1_0 
            on si1_0.id=i1_0.service_item_id 
    where
        i1_0.order_id=?
Hibernate: 
    select
        o1_0.customer_id,
        o1_0.id,
        o1_0.created_at,
        o1_0.delivery_date,
        o1_0.notes,
        o1_0.pickup_date,
        o1_0.status,
        o1_0.total_amount,
        o1_0.updated_at 
    from
        orders o1_0 
    where
        o1_0.customer_id=?
Hibernate: 
    select
        i1_0.order_id,
        i1_0.id,
        i1_0.notes,
        i1_0.quantity,
        i1_0.service_item_id,
        si1_0.id,
        si1_0.category,
        si1_0.name,
        si1_0.price_per_unit,
        si1_0.unit_type,
        i1_0.subtotal 
    from
        order_items i1_0 
    left join
        service_items si1_0 
            on si1_0.id=i1_0.service_item_id 
    where
        i1_0.order_id=?
Hibernate: 
    select
        o1_0.customer_id,
        o1_0.id,
        o1_0.created_at,
        o1_0.delivery_date,
        o1_0.notes,
        o1_0.pickup_date,
        o1_0.status,
        o1_0.total_amount,
        o1_0.updated_at 
    from
        orders o1_0 
    where
        o1_0.customer_id=?
Hibernate: 
    select
        u1_0.id,
        u1_0.created_at,
        u1_0.email,
        u1_0.full_name,
        u1_0.password,
        u1_0.role 
    from
        users u1_0 
    where
        u1_0.email=?
Hibernate: 
    select
        c1_0.id,
        c1_0.address,
        c1_0.created_at,
        c1_0.email,
        c1_0.name,
        c1_0.phone 
    from
        customers c1_0 
    offset
        ? rows 
    fetch
        first ? rows only
Hibernate: 
    select
        o1_0.customer_id,
        o1_0.id,
        o1_0.created_at,
        o1_0.delivery_date,
        o1_0.notes,
        o1_0.pickup_date,
        o1_0.status,
        o1_0.total_amount,
        o1_0.updated_at 
    from
        orders o1_0 
    where
        o1_0.customer_id=?
Hibernate: 
    select
        i1_0.order_id,
        i1_0.id,
        i1_0.notes,
        i1_0.quantity,
        i1_0.service_item_id,
        si1_0.id,
        si1_0.category,
        si1_0.name,
        si1_0.price_per_unit,
        si1_0.unit_type,
        i1_0.subtotal 
    from
        order_items i1_0 
    left join
        service_items si1_0 
            on si1_0.id=i1_0.service_item_id 
    where
        i1_0.order_id=?
Hibernate: 
    select
        o1_0.customer_id,
        o1_0.id,
        o1_0.created_at,
        o1_0.delivery_date,
        o1_0.notes,
        o1_0.pickup_date,
        o1_0.status,
        o1_0.total_amount,
        o1_0.updated_at 
    from
        orders o1_0 
    where
        o1_0.customer_id=?
Hibernate: 
    select
        i1_0.order_id,
        i1_0.id,
        i1_0.notes,
        i1_0.quantity,
        i1_0.service_item_id,
        si1_0.id,
        si1_0.category,
        si1_0.name,
        si1_0.price_per_unit,
        si1_0.unit_type,
        i1_0.subtotal 
    from
        order_items i1_0 
    left join
        service_items si1_0 
            on si1_0.id=i1_0.service_item_id 
    where
        i1_0.order_id=?
Hibernate: 
    select
        o1_0.customer_id,
        o1_0.id,
        o1_0.created_at,
        o1_0.delivery_date,
        o1_0.notes,
        o1_0.pickup_date,
        o1_0.status,
        o1_0.total_amount,
        o1_0.updated_at 
    from
        orders o1_0 
    where
        o1_0.customer_id=?
Hibernate: 
    select
        i1_0.order_id,
        i1_0.id,
        i1_0.notes,
        i1_0.quantity,
        i1_0.service_item_id,
        si1_0.id,
        si1_0.category,
        si1_0.name,
        si1_0.price_per_unit,
        si1_0.unit_type,
        i1_0.subtotal 
    from
        order_items i1_0 
    left join
        service_items si1_0 
            on si1_0.id=i1_0.service_item_id 
    where
        i1_0.order_id=?
Hibernate: 
    select
        o1_0.customer_id,
        o1_0.id,
        o1_0.created_at,
        o1_0.delivery_date,
        o1_0.notes,
        o1_0.pickup_date,
        o1_0.status,
        o1_0.total_amount,
        o1_0.updated_at 
    from
        orders o1_0 
    where
        o1_0.customer_id=?
2026-02-27T17:45:15.719+01:00  INFO 86265 --- [freshpress-api] [ionShutdownHook] o.s.b.w.e.tomcat.GracefulShutdown        : Commencing graceful shutdown. Waiting for active requests to complete
2026-02-27T17:45:15.732+01:00  INFO 86265 --- [freshpress-api] [tomcat-shutdown] o.s.b.w.e.tomcat.GracefulShutdown        : Graceful shutdown complete
2026-02-27T17:45:15.737+01:00  INFO 86265 --- [freshpress-api] [ionShutdownHook] j.LocalContainerEntityManagerFactoryBean : Closing JPA EntityManagerFactory for persistence unit 'default'
Hibernate: 
    drop table if exists customers cascade 
Hibernate: 
    drop table if exists order_items cascade 
Hibernate: 
    drop table if exists orders cascade 
Hibernate: 
    drop table if exists service_items cascade 
Hibernate: 
    drop table if exists users cascade 
2026-02-27T17:45:15.748+01:00  WARN 86265 --- [freshpress-api] [ionShutdownHook] o.s.b.f.support.DisposableBeanAdapter    : Invocation of destroy method failed on bean with name 'inMemoryDatabaseShutdownExecutor': org.h2.jdbc.JdbcSQLNonTransientConnectionException: Database is already closed (to disable automatic closing at VM shutdown, add ";DB_CLOSE_ON_EXIT=FALSE" to the db URL) [90121-232]
2026-02-27T17:45:15.748+01:00  INFO 86265 --- [freshpress-api] [ionShutdownHook] com.zaxxer.hikari.HikariDataSource       : HikariPool-1 - Shutdown initiated...
2026-02-27T17:45:15.750+01:00  INFO 86265 --- [freshpress-api] [ionShutdownHook] com.zaxxer.hikari.HikariDataSource       : HikariPool-1 - Shutdown completed.
